20:40:48 **** Incremental Build of configuration Debug for project stm32f4xx_driver ****
make -j4 all 
arm-none-eabi-gcc "../Src/009spi_interrupt.c" -mcpu=cortex-m4 -std=gnu11 -g3 -DDEBUG -DSTM32 -DSTM32F407G_DISC1 -DSTM32F4 -DSTM32F407VGTx -c -I../Inc -I"D:/MCU/MCU1/stm32f4xx_driver/drivers/Inc" -O0 -ffunction-sections -fdata-sections -Wall -fstack-usage -MMD -MP -MF"Src/009spi_interrupt.d" -MT"Src/009spi_interrupt.o" --specs=nano.specs -mfloat-abi=soft -mthumb -o "Src/009spi_interrupt.o"
../Src/009spi_interrupt.c: In function 'main':
../Src/009spi_interrupt.c:222:36: warning: passing argument 2 of 'SPI_SendDataIT' discards 'volatile' qualifier from pointer target type [-Wdiscarded-qualifiers]
  222 |   while(SPI_SendDataIT(&SPI2handle,&commandcode, 1) == SPI_BUSY_IN_TX);
      |                                    ^~~~~~~~~~~~
In file included from D:/MCU/MCU1/stm32f4xx_driver/drivers/Inc/stm32f407xx.h:642,
                 from ../Src/009spi_interrupt.c:3:
D:/MCU/MCU1/stm32f4xx_driver/drivers/Inc/stm32f407xx_spi_driver.h:144:58: note: expected 'uint8_t *' {aka 'unsigned char *'} but argument is of type 'volatile uint8_t *' {aka 'volatile unsigned char *'}
  144 | uint8_t SPI_SendDataIT(SPI_Handle_t *pSPIHandle,uint8_t *pTxBuffer, uint32_t Len);
      |                                                 ~~~~~~~~~^~~~~~~~~
../Src/009spi_interrupt.c:227:39: warning: passing argument 2 of 'SPI_ReceiveDataIT' discards 'volatile' qualifier from pointer target type [-Wdiscarded-qualifiers]
  227 |   while(SPI_ReceiveDataIT(&SPI1handle,&slave_rx, 1) == SPI_BUSY_IN_RX);
      |                                       ^~~~~~~~~
In file included from D:/MCU/MCU1/stm32f4xx_driver/drivers/Inc/stm32f407xx.h:642,
                 from ../Src/009spi_interrupt.c:3:
D:/MCU/MCU1/stm32f4xx_driver/drivers/Inc/stm32f407xx_spi_driver.h:145:62: note: expected 'uint8_t *' {aka 'unsigned char *'} but argument is of type 'volatile uint8_t *' {aka 'volatile unsigned char *'}
  145 | uint8_t SPI_ReceiveDataIT(SPI_Handle_t *pSPIHandle, uint8_t *pRxBuffer, uint32_t Len);
      |                                                     ~~~~~~~~~^~~~~~~~~
arm-none-eabi-gcc -o "stm32f4xx_driver.elf" @"objects.list"   -mcpu=cortex-m4 -T"D:\MCU\MCU1\stm32f4xx_driver\STM32F407VGTX_FLASH.ld" --specs=nosys.specs -Wl,-Map="stm32f4xx_driver.map" -Wl,--gc-sections -static --specs=nano.specs -mfloat-abi=soft -mthumb -Wl,--start-group -lc -lm -Wl,--end-group
Finished building target: stm32f4xx_driver.elf
 
arm-none-eabi-size   stm32f4xx_driver.elf 
arm-none-eabi-objdump -h -S  stm32f4xx_driver.elf  > "stm32f4xx_driver.list"
   text	   data	    bss	    dec	    hex	filename
   9764	    112	   1656	  11532	   2d0c	stm32f4xx_driver.elf
Finished building: default.size.stdout
 
Finished building: stm32f4xx_driver.list
 
20:43:20 **** Incremental Build of configuration Debug for project stm32f4xx_driver ****
make -j4 all 
arm-none-eabi-size   stm32f4xx_driver.elf 
   text	   data	    bss	    dec	    hex	filename
   9764	    112	   1656	  11532	   2d0c	stm32f4xx_driver.elf
Finished building: default.size.stdout
 
