15:22:32 **** Incremental Build of configuration Debug for project helloword ****
make -j4 all 
arm-none-eabi-gcc "../Src/005button_interrupt.c" -mcpu=cortex-m4 -std=gnu11 -g3 -DDEBUG -DSTM32 -DSTM32F407G_DISC1 -DSTM32F4 -DSTM32F407VGTx -c -I../Inc -I"D:/MCU/MCU1/helloword/drivers/Inc" -O0 -ffunction-sections -fdata-sections -Wall -fstack-usage -MMD -MP -MF"Src/005button_interrupt.d" -MT"Src/005button_interrupt.o" --specs=nano.specs -mfloat-abi=soft -mthumb -o "Src/005button_interrupt.o"
In file included from ../Src/005button_interrupt.c:2:
D:/MCU/MCU1/helloword/drivers/Inc/stm32f407xx.h:248:1: warning: multi-line comment [-Wcomment]
  248 | //#define GPIO_BASEADDR_TO_CODE(x)      ( (x == GPIOA)?0:\
      | ^
In file included from D:/MCU/MCU1/helloword/drivers/Inc/stm32f407xx_gpio_driver.h:133,
                 from D:/MCU/MCU1/helloword/drivers/Inc/stm32f407xx.h:912,
                 from ../Src/005button_interrupt.c:2:
D:/MCU/MCU1/helloword/drivers/Inc/stm32f407xx.h:248:1: warning: multi-line comment [-Wcomment]
  248 | //#define GPIO_BASEADDR_TO_CODE(x)      ( (x == GPIOA)?0:\
      | ^
arm-none-eabi-gcc -o "helloword.elf" @"objects.list"   -mcpu=cortex-m4 -T"D:\MCU\MCU1\helloword\STM32F407VGTX_FLASH.ld" --specs=nosys.specs -Wl,-Map="helloword.map" -Wl,--gc-sections -static --specs=nano.specs -mfloat-abi=soft -mthumb -Wl,--start-group -lc -lm -Wl,--end-group
d:\st\stm32cubeide_1.10.1\stm32cubeide\plugins\com.st.stm32cube.ide.mcu.externaltools.gnu-tools-for-stm32.10.3-2021.10.win32_1.0.0.202111181127\tools\arm-none-eabi\bin\ld.exe: ./Src/005button_interrupt.o: in function `main':
D:/MCU/MCU1/helloword/Debug/../Src/005button_interrupt.c:27: undefined reference to `GPIO_PeriClockControl'
d:\st\stm32cubeide_1.10.1\stm32cubeide\plugins\com.st.stm32cube.ide.mcu.externaltools.gnu-tools-for-stm32.10.3-2021.10.win32_1.0.0.202111181127\tools\arm-none-eabi\bin\ld.exe: D:/MCU/MCU1/helloword/Debug/../Src/005button_interrupt.c:29: undefined reference to `GPIO_Init'
d:\st\stm32cubeide_1.10.1\stm32cubeide\plugins\com.st.stm32cube.ide.mcu.externaltools.gnu-tools-for-stm32.10.3-2021.10.win32_1.0.0.202111181127\tools\arm-none-eabi\bin\ld.exe: D:/MCU/MCU1/helloword/Debug/../Src/005button_interrupt.c:39: undefined reference to `GPIO_PeriClockControl'
d:\st\stm32cubeide_1.10.1\stm32cubeide\plugins\com.st.stm32cube.ide.mcu.externaltools.gnu-tools-for-stm32.10.3-2021.10.win32_1.0.0.202111181127\tools\arm-none-eabi\bin\ld.exe: D:/MCU/MCU1/helloword/Debug/../Src/005button_interrupt.c:41: undefined reference to `GPIO_Init'
d:\st\stm32cubeide_1.10.1\stm32cubeide\plugins\com.st.stm32cube.ide.mcu.externaltools.gnu-tools-for-stm32.10.3-2021.10.win32_1.0.0.202111181127\tools\arm-none-eabi\bin\ld.exe: D:/MCU/MCU1/helloword/Debug/../Src/005button_interrupt.c:43: undefined reference to `GPIO_IRQPriorityConfig'
d:\st\stm32cubeide_1.10.1\stm32cubeide\plugins\com.st.stm32cube.ide.mcu.externaltools.gnu-tools-for-stm32.10.3-2021.10.win32_1.0.0.202111181127\tools\arm-none-eabi\bin\ld.exe: D:/MCU/MCU1/helloword/Debug/../Src/005button_interrupt.c:44: undefined reference to `GPIO_IRQInterruptConfig'
d:\st\stm32cubeide_1.10.1\stm32cubeide\plugins\com.st.stm32cube.ide.mcu.externaltools.gnu-tools-for-stm32.10.3-2021.10.win32_1.0.0.202111181127\tools\arm-none-eabi\bin\ld.exe: ./Src/005button_interrupt.o: in function `EXTI0_IRQHandler':
D:/MCU/MCU1/helloword/Debug/../Src/005button_interrupt.c:54: undefined reference to `GPIO_IRQHandling'
d:\st\stm32cubeide_1.10.1\stm32cubeide\plugins\com.st.stm32cube.ide.mcu.externaltools.gnu-tools-for-stm32.10.3-2021.10.win32_1.0.0.202111181127\tools\arm-none-eabi\bin\ld.exe: D:/MCU/MCU1/helloword/Debug/../Src/005button_interrupt.c:55: undefined reference to `GPIO_ToggleOutputPin'
collect2.exe: error: ld returned 1 exit status
make: *** [makefile:63: helloword.elf] Error 1
"make -j4 all" terminated with exit code 2. Build might be incomplete.

15:22:33 Build Failed. 11 errors, 2 warnings. (took 1s.65ms)

